<?xml version="1.0" encoding="UTF-8"?>
<testng-results ignored="0" total="1" passed="1" failed="0" skipped="0">
  <reporter-output>
  </reporter-output>
  <suite started-at="2024-12-13T20:54:13 IST" name="Default suite" finished-at="2024-12-13T20:54:28 IST" duration-ms="15264">
    <groups>
    </groups>
    <test started-at="2024-12-13T20:54:13 IST" name="Default test" finished-at="2024-12-13T20:54:28 IST" duration-ms="15264">
      <class name="testpkg.opencarttest">
        <test-method is-config="true" signature="Setup()[pri:0, instance:testpkg.opencarttest@48f2bd5b]" started-at="2024-12-13T20:54:13 IST" name="Setup" finished-at="2024-12-13T20:54:16 IST" duration-ms="2959" status="PASS">
          <reporter-output>
          </reporter-output>
        </test-method> <!-- Setup -->
        <test-method signature="test()[pri:0, instance:testpkg.opencarttest@48f2bd5b]" started-at="2024-12-13T20:54:16 IST" name="test" finished-at="2024-12-13T20:54:28 IST" duration-ms="12019" status="PASS">
          <reporter-output>
          </reporter-output>
        </test-method> <!-- test -->
        <test-method is-config="true" signature="teardown()[pri:0, instance:testpkg.opencarttest@48f2bd5b]" started-at="2024-12-13T20:54:28 IST" name="teardown" finished-at="2024-12-13T20:54:28 IST" duration-ms="207" status="PASS">
          <reporter-output>
          </reporter-output>
        </test-method> <!-- teardown -->
      </class> <!-- testpkg.opencarttest -->
    </test> <!-- Default test -->
  </suite> <!-- Default suite -->
</testng-results>
